<?xml version="1.0" encoding="UTF-8"?>
<!-- Generated by org.testng.reporters.JUnitReportReporter -->
<testsuite skipped="0" hostname="Home" name="testcases.TC001_LoginAndLogout" tests="2" failures="0" timestamp="11 Jun 2018 05:41:58 GMT" time="106.280" errors="0">
  <testcase name="loginAndLogout" time="18.419" classname="testcases.TC001_LoginAndLogout"/>
  <testcase name="loginAndLogout" time="87.861" classname="testcases.TC001_LoginAndLogout"/>
</testsuite> <!-- testcases.TC001_LoginAndLogout -->
